# JRE version: OpenJDK Runtime Environment Temurin-21.0.6+7 (21.0.6+7) (build 21.0.6+7-LTS)
# Java VM: OpenJDK 64-Bit Server VM Temurin-21.0.6+7 (21.0.6+7-LTS, mixed mode, sharing, tiered, compressed oops, compressed class ptrs, parallel gc, windows-amd64)
GC Precious Log:
 CardTable entry size: 512
 CPUs: 16 total, 16 available
 Memory: 15693M
 Large Page Support: Disabled
 NUMA Support: Disabled
 Compressed Oops: Enabled (32-bit)
 Alignments: Space 512K, Generation 512K, Heap 2M
 Heap Min Capacity: 100M
 Heap Initial Capacity: 100M
 Heap Max Capacity: 1G
 Pre-touch: Disabled
 Parallel Workers: 13
Heap:
 PSYoungGen      total 6656K, used 4369K [0x00000000eab00000, 0x00000000eb280000, 0x0000000100000000)
  eden space 5632K, 65% used [0x00000000eab00000,0x00000000eae94730,0x00000000eb080000)
  from space 1024K, 68% used [0x00000000eb080000,0x00000000eb130000,0x00000000eb180000)
  to   space 1024K, 0% used [0x00000000eb180000,0x00000000eb180000,0x00000000eb280000)
 ParOldGen       total 529920K, used 529535K [0x00000000c0000000, 0x00000000e0580000, 0x00000000eab00000)
  object space 529920K, 99% used [0x00000000c0000000,0x00000000e051fee8,0x00000000e0580000)
 Metaspace       used 68114K, committed 69632K, reserved 1114112K
  class space    used 6960K, committed 7616K, reserved 1048576K
GC Heap History (20 events):
Event: 18.764 GC heap after
{Heap after GC invocations=541 (full 3):
 PSYoungGen      total 7168K, used 918K [0x00000000eab00000, 0x00000000eb380000, 0x0000000100000000)
  eden space 6144K, 0% used [0x00000000eab00000,0x00000000eab00000,0x00000000eb100000)
  from space 1024K, 89% used [0x00000000eb280000,0x00000000eb365808,0x00000000eb380000)
  to   space 1024K, 0% used [0x00000000eb180000,0x00000000eb180000,0x00000000eb280000)
 ParOldGen       total 524288K, used 524156K [0x00000000c0000000, 0x00000000e0000000, 0x00000000eab00000)
  object space 524288K, 99% used [0x00000000c0000000,0x00000000dffdf000,0x00000000e0000000)
 Metaspace       used 68091K, committed 69568K, reserved 1114112K
  class space    used 6959K, committed 7616K, reserved 1048576K
}
Event: 18.774 GC heap before
{Heap before GC invocations=542 (full 3):
 PSYoungGen      total 7168K, used 7062K [0x00000000eab00000, 0x00000000eb380000, 0x0000000100000000)
  eden space 6144K, 100% used [0x00000000eab00000,0x00000000eb100000,0x00000000eb100000)
  from space 1024K, 89% used [0x00000000eb280000,0x00000000eb365808,0x00000000eb380000)
  to   space 1024K, 0% used [0x00000000eb180000,0x00000000eb180000,0x00000000eb280000)
 ParOldGen       total 524288K, used 524156K [0x00000000c0000000, 0x00000000e0000000, 0x00000000eab00000)
  object space 524288K, 99% used [0x00000000c0000000,0x00000000dffdf000,0x00000000e0000000)
 Metaspace       used 68101K, committed 69568K, reserved 1114112K
  class space    used 6959K, committed 7616K, reserved 1048576K
}
Event: 18.776 GC heap after
{Heap after GC invocations=542 (full 3):
 PSYoungGen      total 6656K, used 480K [0x00000000eab00000, 0x00000000eb300000, 0x0000000100000000)
  eden space 6144K, 0% used [0x00000000eab00000,0x00000000eab00000,0x00000000eb100000)
  from space 512K, 93% used [0x00000000eb180000,0x00000000eb1f8000,0x00000000eb200000)
  to   space 1024K, 0% used [0x00000000eb200000,0x00000000eb200000,0x00000000eb300000)
 ParOldGen       total 524800K, used 524706K [0x00000000c0000000, 0x00000000e0080000, 0x00000000eab00000)
  object space 524800K, 99% used [0x00000000c0000000,0x00000000e0068808,0x00000000e0080000)
 Metaspace       used 68101K, committed 69568K, reserved 1114112K
  class space    used 6959K, committed 7616K, reserved 1048576K
}
Event: 18.783 GC heap before
{Heap before GC invocations=543 (full 3):
 PSYoungGen      total 6656K, used 6624K [0x00000000eab00000, 0x00000000eb300000, 0x0000000100000000)
  eden space 6144K, 100% used [0x00000000eab00000,0x00000000eb100000,0x00000000eb100000)
  from space 512K, 93% used [0x00000000eb180000,0x00000000eb1f8000,0x00000000eb200000)
  to   space 1024K, 0% used [0x00000000eb200000,0x00000000eb200000,0x00000000eb300000)
 ParOldGen       total 524800K, used 524706K [0x00000000c0000000, 0x00000000e0080000, 0x00000000eab00000)
  object space 524800K, 99% used [0x00000000c0000000,0x00000000e0068808,0x00000000e0080000)
 Metaspace       used 68101K, committed 69568K, reserved 1114112K
  class space    used 6959K, committed 7616K, reserved 1048576K
}
Event: 18.785 GC heap after
{Heap after GC invocations=543 (full 3):
 PSYoungGen      total 6656K, used 992K [0x00000000eab00000, 0x00000000eb580000, 0x0000000100000000)
  eden space 5632K, 0% used [0x00000000eab00000,0x00000000eab00000,0x00000000eb080000)
  from space 1024K, 96% used [0x00000000eb200000,0x00000000eb2f8010,0x00000000eb300000)
  to   space 1536K, 0% used [0x00000000eb080000,0x00000000eb080000,0x00000000eb200000)
 ParOldGen       total 525312K, used 525034K [0x00000000c0000000, 0x00000000e0100000, 0x00000000eab00000)
  object space 525312K, 99% used [0x00000000c0000000,0x00000000e00ba808,0x00000000e0100000)
 Metaspace       used 68101K, committed 69568K, reserved 1114112K
  class space    used 6959K, committed 7616K, reserved 1048576K
}
Event: 18.793 GC heap before
{Heap before GC invocations=544 (full 3):
 PSYoungGen      total 6656K, used 6624K [0x00000000eab00000, 0x00000000eb580000, 0x0000000100000000)
  eden space 5632K, 100% used [0x00000000eab00000,0x00000000eb080000,0x00000000eb080000)
  from space 1024K, 96% used [0x00000000eb200000,0x00000000eb2f8010,0x00000000eb300000)
  to   space 1536K, 0% used [0x00000000eb080000,0x00000000eb080000,0x00000000eb200000)
 ParOldGen       total 525312K, used 525034K [0x00000000c0000000, 0x00000000e0100000, 0x00000000eab00000)
  object space 525312K, 99% used [0x00000000c0000000,0x00000000e00ba808,0x00000000e0100000)
 Metaspace       used 68103K, committed 69568K, reserved 1114112K
  class space    used 6960K, committed 7616K, reserved 1048576K
}
Event: 18.795 GC heap after
{Heap after GC invocations=544 (full 3):
 PSYoungGen      total 7168K, used 1184K [0x00000000eab00000, 0x00000000eb380000, 0x0000000100000000)
  eden space 5632K, 0% used [0x00000000eab00000,0x00000000eab00000,0x00000000eb080000)
  from space 1536K, 77% used [0x00000000eb080000,0x00000000eb1a8000,0x00000000eb200000)
  to   space 1536K, 0% used [0x00000000eb200000,0x00000000eb200000,0x00000000eb380000)
 ParOldGen       total 525824K, used 525398K [0x00000000c0000000, 0x00000000e0180000, 0x00000000eab00000)
  object space 525824K, 99% used [0x00000000c0000000,0x00000000e0115818,0x00000000e0180000)
 Metaspace       used 68103K, committed 69568K, reserved 1114112K
  class space    used 6960K, committed 7616K, reserved 1048576K
}
Event: 18.802 GC heap before
{Heap before GC invocations=545 (full 3):
 PSYoungGen      total 7168K, used 6816K [0x00000000eab00000, 0x00000000eb380000, 0x0000000100000000)
  eden space 5632K, 100% used [0x00000000eab00000,0x00000000eb080000,0x00000000eb080000)
  from space 1536K, 77% used [0x00000000eb080000,0x00000000eb1a8000,0x00000000eb200000)
  to   space 1536K, 0% used [0x00000000eb200000,0x00000000eb200000,0x00000000eb380000)
 ParOldGen       total 525824K, used 525398K [0x00000000c0000000, 0x00000000e0180000, 0x00000000eab00000)
  object space 525824K, 99% used [0x00000000c0000000,0x00000000e0115818,0x00000000e0180000)
 Metaspace       used 68103K, committed 69568K, reserved 1114112K
  class space    used 6960K, committed 7616K, reserved 1048576K
}
Event: 18.804 GC heap after
{Heap after GC invocations=545 (full 3):
 PSYoungGen      total 6656K, used 832K [0x00000000eab00000, 0x00000000eb300000, 0x0000000100000000)
  eden space 5632K, 0% used [0x00000000eab00000,0x00000000eab00000,0x00000000eb080000)
  from space 1024K, 81% used [0x00000000eb200000,0x00000000eb2d0000,0x00000000eb300000)
  to   space 1024K, 0% used [0x00000000eb100000,0x00000000eb100000,0x00000000eb200000)
 ParOldGen       total 526336K, used 526030K [0x00000000c0000000, 0x00000000e0200000, 0x00000000eab00000)
  object space 526336K, 99% used [0x00000000c0000000,0x00000000e01b3818,0x00000000e0200000)
 Metaspace       used 68103K, committed 69568K, reserved 1114112K
  class space    used 6960K, committed 7616K, reserved 1048576K
}
Event: 18.810 GC heap before
{Heap before GC invocations=546 (full 3):
 PSYoungGen      total 6656K, used 6464K [0x00000000eab00000, 0x00000000eb300000, 0x0000000100000000)
  eden space 5632K, 100% used [0x00000000eab00000,0x00000000eb080000,0x00000000eb080000)
  from space 1024K, 81% used [0x00000000eb200000,0x00000000eb2d0000,0x00000000eb300000)
  to   space 1024K, 0% used [0x00000000eb100000,0x00000000eb100000,0x00000000eb200000)
 ParOldGen       total 526336K, used 526030K [0x00000000c0000000, 0x00000000e0200000, 0x00000000eab00000)
  object space 526336K, 99% used [0x00000000c0000000,0x00000000e01b3818,0x00000000e0200000)
 Metaspace       used 68103K, committed 69568K, reserved 1114112K
  class space    used 6960K, committed 7616K, reserved 1048576K
}
Event: 18.812 GC heap after
{Heap after GC invocations=546 (full 3):
 PSYoungGen      total 6656K, used 832K [0x00000000eab00000, 0x00000000eb280000, 0x0000000100000000)
  eden space 5632K, 0% used [0x00000000eab00000,0x00000000eab00000,0x00000000eb080000)
  from space 1024K, 81% used [0x00000000eb100000,0x00000000eb1d0000,0x00000000eb200000)
  to   space 512K, 0% used [0x00000000eb200000,0x00000000eb200000,0x00000000eb280000)
 ParOldGen       total 526848K, used 526518K [0x00000000c0000000, 0x00000000e0280000, 0x00000000eab00000)
  object space 526848K, 99% used [0x00000000c0000000,0x00000000e022d818,0x00000000e0280000)
 Metaspace       used 68103K, committed 69568K, reserved 1114112K
  class space    used 6960K, committed 7616K, reserved 1048576K
}
Event: 18.819 GC heap before
{Heap before GC invocations=547 (full 3):
 PSYoungGen      total 6656K, used 6463K [0x00000000eab00000, 0x00000000eb280000, 0x0000000100000000)
  eden space 5632K, 99% used [0x00000000eab00000,0x00000000eb07fe48,0x00000000eb080000)
  from space 1024K, 81% used [0x00000000eb100000,0x00000000eb1d0000,0x00000000eb200000)
  to   space 512K, 0% used [0x00000000eb200000,0x00000000eb200000,0x00000000eb280000)
 ParOldGen       total 526848K, used 526534K [0x00000000c0000000, 0x00000000e0280000, 0x00000000eab00000)
  object space 526848K, 99% used [0x00000000c0000000,0x00000000e0231828,0x00000000e0280000)
 Metaspace       used 68104K, committed 69568K, reserved 1114112K
  class space    used 6960K, committed 7616K, reserved 1048576K
}
Event: 18.821 GC heap after
{Heap after GC invocations=547 (full 3):
 PSYoungGen      total 6144K, used 512K [0x00000000eab00000, 0x00000000eb380000, 0x0000000100000000)
  eden space 5632K, 0% used [0x00000000eab00000,0x00000000eab00000,0x00000000eb080000)
  from space 512K, 100% used [0x00000000eb200000,0x00000000eb280000,0x00000000eb280000)
  to   space 1536K, 0% used [0x00000000eb080000,0x00000000eb080000,0x00000000eb200000)
 ParOldGen       total 527360K, used 527166K [0x00000000c0000000, 0x00000000e0300000, 0x00000000eab00000)
  object space 527360K, 99% used [0x00000000c0000000,0x00000000e02cf838,0x00000000e0300000)
 Metaspace       used 68104K, committed 69568K, reserved 1114112K
  class space    used 6960K, committed 7616K, reserved 1048576K
}
Event: 18.828 GC heap before
{Heap before GC invocations=548 (full 3):
 PSYoungGen      total 6144K, used 6144K [0x00000000eab00000, 0x00000000eb380000, 0x0000000100000000)
  eden space 5632K, 100% used [0x00000000eab00000,0x00000000eb080000,0x00000000eb080000)
  from space 512K, 100% used [0x00000000eb200000,0x00000000eb280000,0x00000000eb280000)
  to   space 1536K, 0% used [0x00000000eb080000,0x00000000eb080000,0x00000000eb200000)
 ParOldGen       total 527360K, used 527216K [0x00000000c0000000, 0x00000000e0300000, 0x00000000eab00000)
  object space 527360K, 99% used [0x00000000c0000000,0x00000000e02dc0a8,0x00000000e0300000)
 Metaspace       used 68104K, committed 69568K, reserved 1114112K
  class space    used 6960K, committed 7616K, reserved 1048576K
}
Event: 18.829 GC heap after
{Heap after GC invocations=548 (full 3):
 PSYoungGen      total 6656K, used 832K [0x00000000eab00000, 0x00000000eb280000, 0x0000000100000000)
  eden space 5632K, 0% used [0x00000000eab00000,0x00000000eab00000,0x00000000eb080000)
  from space 1024K, 81% used [0x00000000eb080000,0x00000000eb150000,0x00000000eb180000)
  to   space 1024K, 0% used [0x00000000eb180000,0x00000000eb180000,0x00000000eb280000)
 ParOldGen       total 527872K, used 527644K [0x00000000c0000000, 0x00000000e0380000, 0x00000000eab00000)
  object space 527872K, 99% used [0x00000000c0000000,0x00000000e03470b8,0x00000000e0380000)
 Metaspace       used 68104K, committed 69568K, reserved 1114112K
  class space    used 6960K, committed 7616K, reserved 1048576K
}
Event: 18.837 GC heap before
{Heap before GC invocations=549 (full 3):
 PSYoungGen      total 6656K, used 6464K [0x00000000eab00000, 0x00000000eb280000, 0x0000000100000000)
  eden space 5632K, 100% used [0x00000000eab00000,0x00000000eb080000,0x00000000eb080000)
  from space 1024K, 81% used [0x00000000eb080000,0x00000000eb150000,0x00000000eb180000)
  to   space 1024K, 0% used [0x00000000eb180000,0x00000000eb180000,0x00000000eb280000)
 ParOldGen       total 527872K, used 527667K [0x00000000c0000000, 0x00000000e0380000, 0x00000000eab00000)
  object space 527872K, 99% used [0x00000000c0000000,0x00000000e034cee0,0x00000000e0380000)
 Metaspace       used 68104K, committed 69568K, reserved 1114112K
  class space    used 6960K, committed 7616K, reserved 1048576K
}
Event: 18.838 GC heap after
{Heap after GC invocations=549 (full 3):
 PSYoungGen      total 6656K, used 780K [0x00000000eab00000, 0x00000000eb280000, 0x0000000100000000)
  eden space 5632K, 0% used [0x00000000eab00000,0x00000000eab00000,0x00000000eb080000)
  from space 1024K, 76% used [0x00000000eb180000,0x00000000eb243008,0x00000000eb280000)
  to   space 1024K, 0% used [0x00000000eb080000,0x00000000eb080000,0x00000000eb180000)
 ParOldGen       total 528384K, used 528139K [0x00000000c0000000, 0x00000000e0400000, 0x00000000eab00000)
  object space 528384K, 99% used [0x00000000c0000000,0x00000000e03c2ee0,0x00000000e0400000)
 Metaspace       used 68104K, committed 69568K, reserved 1114112K
  class space    used 6960K, committed 7616K, reserved 1048576K
}
Event: 18.845 GC heap before
{Heap before GC invocations=550 (full 3):
 PSYoungGen      total 6656K, used 6412K [0x00000000eab00000, 0x00000000eb280000, 0x0000000100000000)
  eden space 5632K, 100% used [0x00000000eab00000,0x00000000eb080000,0x00000000eb080000)
  from space 1024K, 76% used [0x00000000eb180000,0x00000000eb243008,0x00000000eb280000)
  to   space 1024K, 0% used [0x00000000eb080000,0x00000000eb080000,0x00000000eb180000)
 ParOldGen       total 528384K, used 528139K [0x00000000c0000000, 0x00000000e0400000, 0x00000000eab00000)
  object space 528384K, 99% used [0x00000000c0000000,0x00000000e03c2ee0,0x00000000e0400000)
 Metaspace       used 68105K, committed 69568K, reserved 1114112K
  class space    used 6960K, committed 7616K, reserved 1048576K
}
Event: 18.847 GC heap after
{Heap after GC invocations=550 (full 3):
 PSYoungGen      total 6656K, used 960K [0x00000000eab00000, 0x00000000eb280000, 0x0000000100000000)
  eden space 5632K, 0% used [0x00000000eab00000,0x00000000eab00000,0x00000000eb080000)
  from space 1024K, 93% used [0x00000000eb080000,0x00000000eb170000,0x00000000eb180000)
  to   space 1024K, 0% used [0x00000000eb180000,0x00000000eb180000,0x00000000eb280000)
 ParOldGen       total 528896K, used 528751K [0x00000000c0000000, 0x00000000e0480000, 0x00000000eab00000)
  object space 528896K, 99% used [0x00000000c0000000,0x00000000e045bee8,0x00000000e0480000)
 Metaspace       used 68105K, committed 69568K, reserved 1114112K
  class space    used 6960K, committed 7616K, reserved 1048576K
}
Event: 18.858 GC heap before
{Heap before GC invocations=551 (full 3):
 PSYoungGen      total 6656K, used 6592K [0x00000000eab00000, 0x00000000eb280000, 0x0000000100000000)
  eden space 5632K, 100% used [0x00000000eab00000,0x00000000eb080000,0x00000000eb080000)
  from space 1024K, 93% used [0x00000000eb080000,0x00000000eb170000,0x00000000eb180000)
  to   space 1024K, 0% used [0x00000000eb180000,0x00000000eb180000,0x00000000eb280000)
 ParOldGen       total 528896K, used 528751K [0x00000000c0000000, 0x00000000e0480000, 0x00000000eab00000)
  object space 528896K, 99% used [0x00000000c0000000,0x00000000e045bee8,0x00000000e0480000)
 Metaspace       used 68107K, committed 69632K, reserved 1114112K
  class space    used 6960K, committed 7616K, reserved 1048576K
}

